C:\USERS\KBC11606120\DOCUMENTS\NEW_BIRDMAN_EX\NEW_BIRDMAN_EX\NEW_BIRDMAN_EX\DEBUG\DEBUGMODE.OBJ
C:\USERS\KBC11606120\DOCUMENTS\NEW_BIRDMAN_EX\NEW_BIRDMAN_EX\NEW_BIRDMAN_EX\DEBUG\MAIN.OBJ
C:\USERS\KBC11606120\DOCUMENTS\NEW_BIRDMAN_EX\NEW_BIRDMAN_EX\NEW_BIRDMAN_EX\DEBUG\SCENEGMAIN.OBJ
C:\USERS\KBC11606120\DOCUMENTS\NEW_BIRDMAN_EX\NEW_BIRDMAN_EX\NEW_BIRDMAN_EX\DEBUG\SCENETITLE.OBJ
C:\USERS\KBC11606120\DOCUMENTS\NEW_BIRDMAN_EX\NEW_BIRDMAN_EX\NEW_BIRDMAN_EX\DEBUG\TITLEDESCRIBE.OBJ
C:\USERS\KBC11606120\DOCUMENTS\NEW_BIRDMAN_EX\NEW_BIRDMAN_EX\NEW_BIRDMAN_EX\DEBUG\TITLELOGO.OBJ
C:\USERS\KBC11606120\DOCUMENTS\NEW_BIRDMAN_EX\NEW_BIRDMAN_EX\NEW_BIRDMAN_EX\DEBUG\TITLESELECT.OBJ
C:\USERS\KBC11606120\DOCUMENTS\NEW_BIRDMAN_EX\NEW_BIRDMAN_EX\NEW_BIRDMAN_EX\DEBUG\VC110.PDB
C:\USERS\KBC11606120\DOCUMENTS\NEW_BIRDMAN_EX\NEW_BIRDMAN_EX\NEW_BIRDMAN_EX\DEBUG\GMAINPMGR.OBJ
C:\USERS\KBC11606120\DOCUMENTS\NEW_BIRDMAN_EX\NEW_BIRDMAN_EX\NEW_BIRDMAN_EX\DEBUG\GMAIN1P.OBJ
C:\USERS\KBC11606120\DOCUMENTS\NEW_BIRDMAN_EX\NEW_BIRDMAN_EX\DEBUG\NEW_BIRDMAN_EX.ILK
C:\USERS\KBC11606120\DOCUMENTS\NEW_BIRDMAN_EX\NEW_BIRDMAN_EX\DEBUG\NEW_BIRDMAN_EX.EXE
C:\USERS\KBC11606120\DOCUMENTS\NEW_BIRDMAN_EX\NEW_BIRDMAN_EX\DEBUG\NEW_BIRDMAN_EX.PDB
䕞尺牐杯慲獭䉜剉䵄乁塅乜坅䉟剉䵄乁䕟屘䕎彗䥂䑒䅍彎塅乜坅䉟剉䵄乁䕟⹘捶灸潲൪䔊尺牐杯慲獭䉜剉䵄乁塅乜坅䉟剉䵄乁䕟屘敄畢屧䕎彗䥂䑒䅍彎塅氮扩਍㩅停潲牧浡屳䥂䑒䅍䕎屘䕎彗䥂䑒䅍彎塅䑜扥杵乜坅䉟剉䵄乁䕟⹘楬ൢ䔊尺牐杯慲獭䉜剉䵄乁塅乜坅䉟剉䵄乁䕟屘敄畢屧䕎彗䥂䑒䅍彎塅攮灸਍㩅停潲牧浡屳䥂䑒䅍䕎屘䕎彗䥂䑒䅍彎塅䑜扥杵乜坅䉟剉䵄乁䕟⹘硥൰帊㩅停潲牧浡屳䥂䑒䅍䕎屘䕎彗䥂䑒䅍彎塅乜坅䉟剉䵄乁䕟屘䕎彗䥂䑒䅍彎塅瘮硣牰橯਍㩅停潲牧浡屳䥂䑒䅍䕎屘䕎彗䥂䑒䅍彎塅䑜扥杵乜坅䉟剉䵄乁䕟⹘楬ൢ䔊尺牐杯慲獭䉜剉䵄乁塅乜坅䉟剉䵄乁䕟屘敄畢屧䕎彗䥂䑒䅍彎塅氮扩਍㩅停潲牧浡屳䥂䑒䅍䕎屘䕎彗䥂䑒䅍彎塅䑜扥杵乜坅䉟剉䵄乁䕟⹘硥൰䔊尺牐杯慲獭䉜剉䵄乁塅乜坅䉟剉䵄乁䕟屘敄畢屧䕎彗䥂䑒䅍彎塅攮灸਍䕞尺牐杯慲獭䉜剉䵄乁塅乜坅䉟剉䵄乁䕟屘䕎彗䥂䑒䅍彎塅乜坅䉟剉䵄乁䕟⹘捶灸潲൪䔊尺牐杯慲獭䉜剉䵄乁塅乜坅䉟剉䵄乁䕟屘敄畢屧䕎彗䥂䑒䅍彎塅氮扩਍㩅停潲牧浡屳䥂䑒䅍䕎屘䕎彗䥂䑒䅍彎塅䑜扥杵乜坅䉟剉䵄乁䕟⹘楬ൢ䔊尺牐杯慲獭䉜剉䵄乁塅乜坅䉟剉䵄乁䕟屘敄畢屧䕎彗䥂䑒䅍彎塅攮灸਍㩅停潲牧浡屳䥂䑒䅍䕎屘䕎彗䥂䑒䅍彎塅䑜扥杵乜坅䉟剉䵄乁䕟⹘硥൰帊㩅停潲牧浡屳䥂䑒䅍䕎屘䕎彗䥂䑒䅍彎塅乜坅䉟剉䵄乁䕟屘䕎彗䥂䑒䅍彎塅瘮硣牰橯਍㩅停潲牧浡屳䥂䑒䅍䕎屘䕎彗䥂䑒䅍彎塅䑜扥杵乜坅䉟剉䵄乁䕟⹘楬ൢ䔊尺牐杯慲獭䉜剉䵄乁塅乜坅䉟剉䵄乁䕟屘敄畢屧䕎彗䥂䑒䅍彎塅氮扩਍㩅停潲牧浡屳䥂䑒䅍䕎屘䕎彗䥂䑒䅍彎塅䑜扥杵乜坅䉟剉䵄乁䕟⹘硥൰䔊尺牐杯慲獭䉜剉䵄乁塅乜坅䉟剉䵄乁䕟屘敄畢屧䕎彗䥂䑒䅍彎塅攮灸਍䕞尺牐杯慲獭䉜剉䵄乁塅乜坅䉟剉䵄乁䕟屘䕎彗䥂䑒䅍彎塅乜坅䉟剉䵄乁䕟⹘捶灸潲൪䔊尺牐杯慲獭䉜剉䵄乁塅乜坅䉟剉䵄乁䕟屘敄畢屧䕎彗䥂䑒䅍彎塅氮扩਍㩅停潲牧浡屳䥂䑒䅍䕎屘䕎彗䥂䑒䅍彎塅䑜扥杵乜坅䉟剉䵄乁䕟⹘楬ൢ䔊尺牐杯慲獭䉜剉䵄乁塅乜坅䉟剉䵄乁䕟屘敄畢屧䕎彗䥂䑒䅍彎塅攮灸਍㩅停潲牧浡屳䥂䑒䅍䕎屘䕎彗䥂䑒䅍彎塅䑜扥杵乜坅䉟剉䵄乁䕟⹘硥൰帊㩅停潲牧浡屳䥂䑒䅍䕎屘䕎彗䥂䑒䅍彎塅乜坅䉟剉䵄乁䕟屘䕎彗䥂䑒䅍彎塅瘮硣牰橯਍㩅停潲牧浡屳䥂䑒䅍䕎屘䕎彗䥂䑒䅍彎塅䑜扥杵乜坅䉟剉䵄乁䕟⹘楬ൢ䔊尺牐杯慲獭䉜剉䵄乁塅乜坅䉟剉䵄乁䕟屘敄畢屧䕎彗䥂䑒䅍彎塅氮扩਍㩅停潲牧浡屳䥂䑒䅍䕎屘䕎彗䥂䑒䅍彎塅䑜扥杵乜坅䉟剉䵄乁䕟⹘硥൰䔊尺牐杯慲獭䉜剉䵄乁塅乜坅䉟剉䵄乁䕟屘敄畢屧䕎彗䥂䑒䅍彎塅攮灸਍䕞尺牐杯慲獭䉜剉䵄乁塅乜坅䉟剉䵄乁䕟屘䕎彗䥂䑒䅍彎塅乜坅䉟剉䵄乁䕟⹘捶灸潲൪䔊尺牐杯慲獭䉜剉䵄乁塅乜坅䉟剉䵄乁䕟屘敄畢屧䕎彗䥂䑒䅍彎塅氮扩਍㩅停潲牧浡屳䥂䑒䅍䕎屘䕎彗䥂䑒䅍彎塅䑜扥杵乜坅䉟剉䵄乁䕟⹘楬ൢ䔊尺牐杯慲獭䉜剉䵄乁塅乜坅䉟剉䵄乁䕟屘敄畢屧䕎彗䥂䑒䅍彎塅攮灸਍㩅停潲牧浡屳䥂䑒䅍䕎屘䕎彗䥂䑒䅍彎塅䑜扥杵乜坅䉟剉䵄乁䕟⹘硥൰帊㩅停潲牧浡屳䥂䑒䅍䕎屘䕎彗䥂䑒䅍彎塅乜坅䉟剉䵄乁䕟屘䕎彗䥂䑒䅍彎塅瘮硣牰橯਍㩅停潲牧浡屳䥂䑒䅍䕎屘䕎彗䥂䑒䅍彎塅䑜扥杵乜坅䉟剉䵄乁䕟⹘楬ൢ䔊尺牐杯慲獭䉜剉䵄乁塅乜坅䉟剉䵄乁䕟屘敄畢屧䕎彗䥂䑒䅍彎塅氮扩਍㩅停潲牧浡屳䥂䑒䅍䕎屘䕎彗䥂䑒䅍彎塅䑜扥杵乜坅䉟剉䵄乁䕟⹘硥൰䔊尺牐杯慲獭䉜剉䵄乁塅乜坅䉟剉䵄乁䕟屘敄畢屧䕎彗䥂䑒䅍彎塅攮灸਍䕞尺牐杯慲獭䉜剉䵄乁塅乜坅䉟剉䵄乁䕟屘䕎彗䥂䑒䅍彎塅乜坅䉟剉䵄乁䕟⹘捶灸潲൪䔊尺牐杯慲獭䉜剉䵄乁塅乜坅䉟剉䵄乁䕟屘敄畢屧䕎彗䥂䑒䅍彎塅氮扩਍㩅停潲牧浡屳䥂䑒䅍䕎屘䕎彗䥂䑒䅍彎塅䑜扥杵乜坅䉟剉䵄乁䕟⹘楬ൢ䔊尺牐杯慲獭䉜剉䵄乁塅乜坅䉟剉䵄乁䕟屘敄畢屧䕎彗䥂䑒䅍彎塅攮灸਍㩅停潲牧浡屳䥂䑒䅍䕎屘䕎彗䥂䑒䅍彎塅䑜扥杵乜坅䉟剉䵄乁䕟⹘硥൰帊㩅停潲牧浡屳䥂䑒䅍䕎屘䕎彗䥂䑒䅍彎塅乜坅䉟剉䵄乁䕟屘䕎彗䥂䑒䅍彎塅瘮硣牰橯਍㩅停潲牧浡屳䥂䑒䅍䕎屘䕎彗䥂䑒䅍彎塅䑜扥杵乜坅䉟剉䵄乁䕟⹘楬ൢ䔊尺牐杯慲獭䉜剉䵄乁塅乜坅䉟剉䵄乁䕟屘敄畢屧䕎彗䥂䑒䅍彎塅氮扩਍㩅停潲牧浡屳䥂䑒䅍䕎屘䕎彗䥂䑒䅍彎塅䑜扥杵乜坅䉟剉䵄乁䕟⹘硥൰䔊尺牐杯慲獭䉜剉䵄乁塅乜坅䉟剉䵄乁䕟屘敄畢屧䕎彗䥂䑒䅍彎塅攮灸਍䕞尺牐杯慲獭䉜剉䵄乁塅乜坅䉟剉䵄乁䕟屘䕎彗䥂䑒䅍彎塅乜坅䉟剉䵄乁䕟⹘捶灸潲൪䔊尺牐杯慲獭䉜剉䵄乁塅乜坅䉟剉䵄乁䕟屘敄畢屧䕎彗䥂䑒䅍彎塅氮扩਍㩅停潲牧浡屳䥂䑒䅍䕎屘䕎彗䥂䑒䅍彎塅䑜扥杵乜坅䉟剉䵄乁䕟⹘楬ൢ䔊尺牐杯慲獭䉜剉䵄乁塅乜坅䉟剉䵄乁䕟屘敄畢屧䕎彗䥂䑒䅍彎塅攮灸਍㩅停潲牧浡屳䥂䑒䅍䕎屘䕎彗䥂䑒䅍彎塅䑜扥杵乜坅䉟剉䵄乁䕟⹘硥൰帊㩅停潲牧浡屳䥂䑒䅍䕎屘䕎彗䥂䑒䅍彎塅乜坅䉟剉䵄乁䕟屘䕎彗䥂䑒䅍彎塅瘮硣牰橯਍㩅停潲牧浡屳䥂䑒䅍䕎屘䕎彗䥂䑒䅍彎塅䑜扥杵乜坅䉟剉䵄乁䕟⹘楬ൢ䔊尺牐杯慲獭䉜剉䵄乁塅乜坅䉟剉䵄乁䕟屘敄畢屧䕎彗䥂䑒䅍彎塅氮扩਍㩅停潲牧浡屳䥂䑒䅍䕎屘䕎彗䥂䑒䅍彎塅䑜扥杵乜坅䉟剉䵄乁䕟⹘硥൰䔊尺牐杯慲獭䉜剉䵄乁塅乜坅䉟剉䵄乁䕟屘敄畢屧䕎彗䥂䑒䅍彎塅攮灸਍䕞尺牐杯慲獭䉜剉䵄乁塅乜坅䉟剉䵄乁䕟屘䕎彗䥂䑒䅍彎塅乜坅䉟剉䵄乁䕟⹘捶灸潲൪䔊尺牐杯慲獭䉜剉䵄乁塅乜坅䉟剉䵄乁䕟屘敄畢屧䕎彗䥂䑒䅍彎塅氮扩਍㩅停潲牧浡屳䥂䑒䅍䕎屘䕎彗䥂䑒䅍彎塅䑜扥杵乜坅䉟剉䵄乁䕟⹘楬ൢ䔊尺牐杯慲獭䉜剉䵄乁塅乜坅䉟剉䵄乁䕟屘敄畢屧䕎彗䥂䑒䅍彎塅攮灸਍㩅停潲牧浡屳䥂䑒䅍䕎屘䕎彗䥂䑒䅍彎塅䑜扥杵乜坅䉟剉䵄乁䕟⹘硥൰帊㩅停潲牧浡屳䥂䑒䅍䕎屘䕎彗䥂䑒䅍彎塅乜坅䉟剉䵄乁䕟屘䕎彗䥂䑒䅍彎塅瘮硣牰橯਍㩅停潲牧浡屳䥂䑒䅍䕎屘䕎彗䥂䑒䅍彎塅䑜扥杵乜坅䉟剉䵄乁䕟⹘楬ൢ䔊尺牐杯慲獭䉜剉䵄乁塅乜坅䉟剉䵄乁䕟屘敄畢屧䕎彗䥂䑒䅍彎塅氮扩਍㩅停潲牧浡屳䥂䑒䅍䕎屘䕎彗䥂䑒䅍彎塅䑜扥杵乜坅䉟剉䵄乁䕟⹘硥൰䔊尺牐杯慲獭䉜剉䵄乁塅乜坅䉟剉䵄乁䕟屘敄畢屧䕎彗䥂䑒䅍彎塅攮灸਍䕞尺牐杯慲獭䉜剉䵄乁塅乜坅䉟剉䵄乁䕟屘䕎彗䥂䑒䅍彎塅乜坅䉟剉䵄乁䕟⹘捶灸潲൪䔊尺牐杯慲獭䉜剉䵄乁塅乜坅䉟剉䵄乁䕟屘敄畢屧䕎彗䥂䑒䅍彎塅氮扩਍㩅停潲牧浡屳䥂䑒䅍䕎屘䕎彗䥂䑒䅍彎塅䑜扥杵乜坅䉟剉䵄乁䕟⹘楬ൢ䔊尺牐杯慲獭䉜剉䵄乁塅乜坅䉟剉䵄乁䕟屘敄畢屧䕎彗䥂䑒䅍彎塅攮灸਍㩅停潲牧浡屳䥂䑒䅍䕎屘䕎彗䥂䑒䅍彎塅䑜扥杵乜坅䉟剉䵄乁䕟⹘硥൰帊㩅停潲牧浡屳䥂䑒䅍䕎屘䕎彗䥂䑒䅍彎塅乜坅䉟剉䵄乁䕟屘䕎彗䥂䑒䅍彎塅瘮硣牰橯਍㩅停潲牧浡屳䥂䑒䅍䕎屘䕎彗䥂䑒䅍彎塅䑜扥杵乜坅䉟剉䵄乁䕟⹘楬ൢ䔊尺牐杯慲獭䉜剉䵄乁塅乜坅䉟剉䵄乁䕟屘敄畢屧䕎彗䥂䑒䅍彎塅氮扩਍㩅停潲牧浡屳䥂䑒䅍䕎屘䕎彗䥂䑒䅍彎塅䑜扥杵乜坅䉟剉䵄乁䕟⹘硥൰䔊尺牐杯慲獭䉜剉䵄乁塅乜坅䉟剉䵄乁䕟屘敄畢屧䕎彗䥂䑒䅍彎塅攮灸਍䕞尺牐杯慲獭䉜剉䵄乁塅乜坅䉟剉䵄乁䕟屘䕎彗䥂䑒䅍彎塅乜坅䉟剉䵄乁䕟⹘捶灸潲൪䔊尺牐杯慲獭䉜剉䵄乁塅乜坅䉟剉䵄乁䕟屘敄畢屧䕎彗䥂䑒䅍彎塅氮扩਍㩅停潲牧浡屳䥂䑒䅍䕎屘䕎彗䥂䑒䅍彎塅䑜扥杵乜坅䉟剉䵄乁䕟⹘楬ൢ䔊尺牐杯慲獭䉜剉䵄乁塅乜坅䉟剉䵄乁䕟屘敄畢屧䕎彗䥂䑒䅍彎塅攮灸਍㩅停潲牧浡屳䥂䑒䅍䕎屘䕎彗䥂䑒䅍彎塅䑜扥杵乜坅䉟剉䵄乁䕟⹘硥൰帊㩅停潲牧浡屳䥂䑒䅍䕎屘䕎彗䥂䑒䅍彎塅乜坅䉟剉䵄乁䕟屘䕎彗䥂䑒䅍彎塅瘮硣牰橯਍㩅停潲牧浡屳䥂䑒䅍䕎屘䕎彗䥂䑒䅍彎塅䑜扥杵乜坅䉟剉䵄乁䕟⹘楬ൢ䔊尺牐杯慲獭䉜剉䵄乁塅乜坅䉟剉䵄乁䕟屘敄畢屧䕎彗䥂䑒䅍彎塅氮扩਍㩅停潲牧浡屳䥂䑒䅍䕎屘䕎彗䥂䑒䅍彎塅䑜扥杵乜坅䉟剉䵄乁䕟⹘硥൰䔊尺牐杯慲獭䉜剉䵄乁塅乜坅䉟剉䵄乁䕟屘敄畢屧䕎彗䥂䑒䅍彎塅攮灸਍䕞尺牐杯慲獭䉜剉䵄乁塅乜坅䉟剉䵄乁䕟屘䕎彗䥂䑒䅍彎塅乜坅䉟剉䵄乁䕟⹘捶灸潲൪䔊尺牐杯慲獭䉜剉䵄乁塅乜坅䉟剉䵄乁䕟屘敄畢屧䕎彗䥂䑒䅍彎塅氮扩਍㩅停潲牧浡屳䥂䑒䅍䕎屘䕎彗䥂䑒䅍彎塅䑜扥杵乜坅䉟剉䵄乁䕟⹘楬ൢ䔊尺牐杯慲獭䉜剉䵄乁塅乜坅䉟剉䵄乁䕟屘敄畢屧䕎彗䥂䑒䅍彎塅攮灸਍㩅停潲牧浡屳䥂䑒䅍䕎屘䕎彗䥂䑒䅍彎塅䑜扥杵乜坅䉟剉䵄乁䕟⹘硥൰帊㩅停潲牧浡屳䥂䑒䅍䕎屘䕎彗䥂䑒䅍彎塅乜坅䉟剉䵄乁䕟屘䕎彗䥂䑒䅍彎塅瘮硣牰橯਍㩅停潲牧浡屳䥂䑒䅍䕎屘䕎彗䥂䑒䅍彎塅䑜扥杵乜坅䉟剉䵄乁䕟⹘楬ൢ䔊尺牐杯慲獭䉜剉䵄乁塅乜坅䉟剉䵄乁䕟屘敄畢屧䕎彗䥂䑒䅍彎塅氮扩਍㩅停潲牧浡屳䥂䑒䅍䕎屘䕎彗䥂䑒䅍彎塅䑜扥杵乜坅䉟剉䵄乁䕟⹘硥൰䔊尺牐杯慲獭䉜剉䵄乁塅乜坅䉟剉䵄乁䕟屘敄畢屧䕎彗䥂䑒䅍彎塅攮灸਍䍞尺獕牥屳扫ㅣ㘱㘰㈱尰潄畣敭瑮屳䕎彗䥂䑒䅍彎塅乜坅䉟剉䵄乁䕟屘䕎彗䥂䑒䅍彎塅乜坅䉟剉䵄乁䕟⹘捶灸潲൪䌊尺獕牥屳扫ㅣ㘱㘰㈱尰潄畣敭瑮屳䕎彗䥂䑒䅍彎塅乜坅䉟剉䵄乁䕟屘敄畢屧䕎彗䥂䑒䅍彎塅氮扩਍㩃啜敳獲歜换ㄱ〶ㄶ〲䑜捯浵湥獴乜坅䉟剉䵄乁䕟屘䕎彗䥂䑒䅍彎塅䑜扥杵乜坅䉟剉䵄乁䕟⹘楬ൢ䌊尺獕牥屳扫ㅣ㘱㘰㈱尰潄畣敭瑮屳䕎彗䥂䑒䅍彎塅乜坅䉟剉䵄乁䕟屘敄畢屧䕎彗䥂䑒䅍彎塅攮灸਍㩃啜敳獲歜换ㄱ〶ㄶ〲䑜捯浵湥獴乜坅䉟剉䵄乁䕟屘䕎彗䥂䑒䅍彎塅䑜扥杵乜坅䉟剉䵄乁䕟⹘硥൰帊㩃啜敳獲歜换ㄱ〶ㄶ〲䑜捯浵湥獴乜坅䉟剉䵄乁䕟屘䕎彗䥂䑒䅍彎塅乜坅䉟剉䵄乁䕟屘䕎彗䥂䑒䅍彎塅瘮硣牰橯਍㩃啜敳獲歜换ㄱ〶ㄶ〲䑜捯浵湥獴乜坅䉟剉䵄乁䕟屘䕎彗䥂䑒䅍彎塅䑜扥杵乜坅䉟剉䵄乁䕟⹘楬ൢ䌊尺獕牥屳扫ㅣ㘱㘰㈱尰潄畣敭瑮屳䕎彗䥂䑒䅍彎塅乜坅䉟剉䵄乁䕟屘敄畢屧䕎彗䥂䑒䅍彎塅氮扩਍㩃啜敳獲歜换ㄱ〶ㄶ〲䑜捯浵湥獴乜坅䉟剉䵄乁䕟屘䕎彗䥂䑒䅍彎塅䑜扥杵乜坅䉟剉䵄乁䕟⹘硥൰䌊尺獕牥屳扫ㅣ㘱㘰㈱尰潄畣敭瑮屳䕎彗䥂䑒䅍彎塅乜坅䉟剉䵄乁䕟屘敄畢屧䕎彗䥂䑒䅍彎塅攮灸਍䍞尺獕牥屳扫ㅣ㘱㘰㈱尰潄畣敭瑮屳䕎彗䥂䑒䅍彎塅乜坅䉟剉䵄乁䕟屘䕎彗䥂䑒䅍彎塅乜坅䉟剉䵄乁䕟⹘捶灸潲൪䌊尺獕牥屳扫ㅣ㘱㘰㈱尰潄畣敭瑮屳䕎彗䥂䑒䅍彎塅乜坅䉟剉䵄乁䕟屘敄畢屧䕎彗䥂䑒䅍彎塅氮扩਍㩃啜敳獲歜换ㄱ〶ㄶ〲䑜捯浵湥獴乜坅䉟剉䵄乁䕟屘䕎彗䥂䑒䅍彎塅䑜扥杵乜坅䉟剉䵄乁䕟⹘楬ൢ䌊尺獕牥屳扫ㅣ㘱㘰㈱尰潄畣敭瑮屳䕎彗䥂䑒䅍彎塅乜坅䉟剉䵄乁䕟屘敄畢屧䕎彗䥂䑒䅍彎塅攮灸਍㩃啜敳獲歜换ㄱ〶ㄶ〲䑜捯浵湥獴乜坅䉟剉䵄乁䕟屘䕎彗䥂䑒䅍彎塅䑜扥杵乜坅䉟剉䵄乁䕟⹘硥൰帊㩃啜敳獲歜换ㄱ〶ㄶ〲䑜捯浵湥獴乜坅䉟剉䵄乁䕟屘䕎彗䥂䑒䅍彎塅乜坅䉟剉䵄乁䕟屘䕎彗䥂䑒䅍彎塅瘮硣牰橯਍㩃啜敳獲歜换ㄱ〶ㄶ〲䑜捯浵湥獴乜坅䉟剉䵄乁䕟屘䕎彗䥂䑒䅍彎塅䑜扥杵乜坅䉟剉䵄乁䕟⹘楬ൢ䌊尺獕牥屳扫ㅣ㘱㘰㈱尰潄畣敭瑮屳䕎彗䥂䑒䅍彎塅乜坅䉟剉䵄乁䕟屘敄畢屧䕎彗䥂䑒䅍彎塅氮扩਍㩃啜敳獲歜换ㄱ〶ㄶ〲䑜捯浵湥獴乜坅䉟剉䵄乁䕟屘䕎彗䥂䑒䅍彎塅䑜扥杵乜坅䉟剉䵄乁䕟⹘硥൰䌊尺獕牥屳扫ㅣ㘱㘰㈱尰潄畣敭瑮屳䕎彗䥂䑒䅍彎塅乜坅䉟剉䵄乁䕟屘敄畢屧䕎彗䥂䑒䅍彎塅攮灸਍䍞尺獕牥屳扫ㅣ㘱㘰㈱尰潄畣敭瑮屳䕎彗䥂䑒䅍彎塅乜坅䉟剉䵄乁䕟屘䕎彗䥂䑒䅍彎塅乜坅䉟剉䵄乁䕟⹘捶灸潲൪䌊尺獕牥屳扫ㅣ㘱㘰㈱尰潄畣敭瑮屳䕎彗䥂䑒䅍彎塅乜坅䉟剉䵄乁䕟屘敄畢屧䕎彗䥂䑒䅍彎塅氮扩਍㩃啜敳獲歜换ㄱ〶ㄶ〲䑜捯浵湥獴乜坅䉟剉䵄乁䕟屘䕎彗䥂䑒䅍彎塅䑜扥杵乜坅䉟剉䵄乁䕟⹘楬ൢ䌊尺獕牥屳扫ㅣ㘱㘰㈱尰潄畣敭瑮屳䕎彗䥂䑒䅍彎塅乜坅䉟剉䵄乁䕟屘敄畢屧䕎彗䥂䑒䅍彎塅攮灸਍㩃啜敳獲歜换ㄱ〶ㄶ〲䑜捯浵湥獴乜坅䉟剉䵄乁䕟屘䕎彗䥂䑒䅍彎塅䑜扥杵乜坅䉟剉䵄乁䕟⹘硥൰帊㩃啜敳獲歜换ㄱ〶ㄶ〲䑜捯浵湥獴乜坅䉟剉䵄乁䕟屘䕎彗䥂䑒䅍彎塅乜坅䉟剉䵄乁䕟屘䕎彗䥂䑒䅍彎塅瘮硣牰橯਍㩃啜敳獲歜换ㄱ〶ㄶ〲䑜捯浵湥獴乜坅䉟剉䵄乁䕟屘䕎彗䥂䑒䅍彎塅䑜扥杵乜坅䉟剉䵄乁䕟⹘楬ൢ䌊尺獕牥屳扫ㅣ㘱㘰㈱尰潄畣敭瑮屳䕎彗䥂䑒䅍彎塅乜坅䉟剉䵄乁䕟屘敄畢屧䕎彗䥂䑒䅍彎塅氮扩਍㩃啜敳獲歜换ㄱ〶ㄶ〲䑜捯浵湥獴乜坅䉟剉䵄乁䕟屘䕎彗䥂䑒䅍彎塅䑜扥杵乜坅䉟剉䵄乁䕟⹘硥൰䌊尺獕牥屳扫ㅣ㘱㘰㈱尰潄畣敭瑮屳䕎彗䥂䑒䅍彎塅乜坅䉟剉䵄乁䕟屘敄畢屧䕎彗䥂䑒䅍彎塅攮灸਍䍞尺獕牥屳扫ㅣ㘱㘰㈱尰潄畣敭瑮屳䕎彗䥂䑒䅍彎塅乜坅䉟剉䵄乁䕟屘䕎彗䥂䑒䅍彎塅乜坅䉟剉䵄乁䕟⹘捶灸潲൪䌊尺獕牥屳扫ㅣ㘱㘰㈱尰潄畣敭瑮屳䕎彗䥂䑒䅍彎塅乜坅䉟剉䵄乁䕟屘敄畢屧䕎彗䥂䑒䅍彎塅氮扩਍㩃啜敳獲歜换ㄱ〶ㄶ〲䑜捯浵湥獴乜坅䉟剉䵄乁䕟屘䕎彗䥂䑒䅍彎塅䑜扥杵乜坅䉟剉䵄乁䕟⹘楬ൢ䌊尺獕牥屳扫ㅣ㘱㘰㈱尰潄畣敭瑮屳䕎彗䥂䑒䅍彎塅乜坅䉟剉䵄乁䕟屘敄畢屧䕎彗䥂䑒䅍彎塅攮灸਍㩃啜敳獲歜换ㄱ〶ㄶ〲䑜捯浵湥獴乜坅䉟剉䵄乁䕟屘䕎彗䥂䑒䅍彎塅䑜扥杵乜坅䉟剉䵄乁䕟⹘硥൰帊㩃啜敳獲歜换ㄱ〶ㄶ〲䑜捯浵湥獴乜坅䉟剉䵄乁䕟屘䕎彗䥂䑒䅍彎塅乜坅䉟剉䵄乁䕟屘䕎彗䥂䑒䅍彎塅瘮硣牰橯਍㩃啜敳獲歜换ㄱ〶ㄶ〲䑜捯浵湥獴乜坅䉟剉䵄乁䕟屘䕎彗䥂䑒䅍彎塅䑜扥杵乜坅䉟剉䵄乁䕟⹘楬ൢ䌊尺獕牥屳扫ㅣ㘱㘰㈱尰潄畣敭瑮屳䕎彗䥂䑒䅍彎塅乜坅䉟剉䵄乁䕟屘敄畢屧䕎彗䥂䑒䅍彎塅氮扩਍㩃啜敳獲歜换ㄱ〶ㄶ〲䑜捯浵湥獴乜坅䉟剉䵄乁䕟屘䕎彗䥂䑒䅍彎塅䑜扥杵乜坅䉟剉䵄乁䕟⹘硥൰䌊尺獕牥屳扫ㅣ㘱㘰㈱尰潄畣敭瑮屳䕎彗䥂䑒䅍彎塅乜坅䉟剉䵄乁䕟屘敄畢屧䕎彗䥂䑒䅍彎塅攮灸਍䍞尺獕牥屳扫ㅣ㘱㘰㈱尰潄畣敭瑮屳䕎彗䥂䑒䅍彎塅乜坅䉟剉䵄乁䕟屘䕎彗䥂䑒䅍彎塅乜坅䉟剉䵄乁䕟⹘捶灸潲൪䌊尺獕牥屳扫ㅣ㘱㘰㈱尰潄畣敭瑮屳䕎彗䥂䑒䅍彎塅乜坅䉟剉䵄乁䕟屘敄畢屧䕎彗䥂䑒䅍彎塅氮扩਍㩃啜敳獲歜换ㄱ〶ㄶ〲䑜捯浵湥獴乜坅䉟剉䵄乁䕟屘䕎彗䥂䑒䅍彎塅䑜扥杵乜坅䉟剉䵄乁䕟⹘楬ൢ䌊尺獕牥屳扫ㅣ㘱㘰㈱尰潄畣敭瑮屳䕎彗䥂䑒䅍彎塅乜坅䉟剉䵄乁䕟屘敄畢屧䕎彗䥂䑒䅍彎塅攮灸਍㩃啜敳獲歜换ㄱ〶ㄶ〲䑜捯浵湥獴乜坅䉟剉䵄乁䕟屘䕎彗䥂䑒䅍彎塅䑜扥杵乜坅䉟剉䵄乁䕟⹘硥൰帊㩃啜敳獲歜换ㄱ〶ㄶ〲䑜捯浵湥獴乜坅䉟剉䵄乁䕟屘䕎彗䥂䑒䅍彎塅乜坅䉟剉䵄乁䕟屘䕎彗䥂䑒䅍彎塅瘮硣牰橯਍㩃啜敳獲歜换ㄱ〶ㄶ〲䑜捯浵湥獴乜坅䉟剉䵄乁䕟屘䕎彗䥂䑒䅍彎塅䑜扥杵乜坅䉟剉䵄乁䕟⹘楬ൢ䌊尺獕牥屳扫ㅣ㘱㘰㈱尰潄畣敭瑮屳䕎彗䥂䑒䅍彎塅乜坅䉟剉䵄乁䕟屘敄畢屧䕎彗䥂䑒䅍彎塅氮扩਍㩃啜敳獲歜换ㄱ〶ㄶ〲䑜捯浵湥獴乜坅䉟剉䵄乁䕟屘䕎彗䥂䑒䅍彎塅䑜扥杵乜坅䉟剉䵄乁䕟⹘硥൰䌊尺獕牥屳扫ㅣ㘱㘰㈱尰潄畣敭瑮屳䕎彗䥂䑒䅍彎塅乜坅䉟剉䵄乁䕟屘敄畢屧䕎彗䥂䑒䅍彎塅攮灸਍䍞尺獕牥屳扫ㅣ㘱㘰㈱尰潄畣敭瑮屳䕎彗䥂䑒䅍彎塅乜坅䉟剉䵄乁䕟屘䕎彗䥂䑒䅍彎塅乜坅䉟剉䵄乁䕟⹘捶灸潲൪䌊尺獕牥屳扫ㅣ㘱㘰㈱尰潄畣敭瑮屳䕎彗䥂䑒䅍彎塅乜坅䉟剉䵄乁䕟屘敄畢屧䕎彗䥂䑒䅍彎塅氮扩਍㩃啜敳獲歜换ㄱ〶ㄶ〲䑜捯浵湥獴乜坅䉟剉䵄乁䕟屘䕎彗䥂䑒䅍彎塅䑜扥杵乜坅䉟剉䵄乁䕟⹘楬ൢ䌊尺獕牥屳扫ㅣ㘱㘰㈱尰潄畣敭瑮屳䕎彗䥂䑒䅍彎塅乜坅䉟剉䵄乁䕟屘敄畢屧䕎彗䥂䑒䅍彎塅攮灸਍㩃啜敳獲歜换ㄱ〶ㄶ〲䑜捯浵湥獴乜坅䉟剉䵄乁䕟屘䕎彗䥂䑒䅍彎塅䑜扥杵乜坅䉟剉䵄乁䕟⹘硥൰帊㩃啜敳獲歜换ㄱ〶ㄶ〲䑜捯浵湥獴乜坅䉟剉䵄乁䕟屘䕎彗䥂䑒䅍彎塅乜坅䉟剉䵄乁䕟屘䕎彗䥂䑒䅍彎塅瘮硣牰橯਍㩃啜敳獲歜换ㄱ〶ㄶ〲䑜捯浵湥獴乜坅䉟剉䵄乁䕟屘䕎彗䥂䑒䅍彎塅䑜扥杵乜坅䉟剉䵄乁䕟⹘楬ൢ䌊尺獕牥屳扫ㅣ㘱㘰㈱尰潄畣敭瑮屳䕎彗䥂䑒䅍彎塅乜坅䉟剉䵄乁䕟屘敄畢屧䕎彗䥂䑒䅍彎塅氮扩਍㩃啜敳獲歜换ㄱ〶ㄶ〲䑜捯浵湥獴乜坅䉟剉䵄乁䕟屘䕎彗䥂䑒䅍彎塅䑜扥杵乜坅䉟剉䵄乁䕟⹘硥൰䌊尺獕牥屳扫ㅣ㘱㘰㈱尰潄畣敭瑮屳䕎彗䥂䑒䅍彎塅乜坅䉟剉䵄乁䕟屘敄畢屧䕎彗䥂䑒䅍彎塅攮灸਍䍞尺獕牥屳扫ㅣ㘱㘰㈱尰潄畣敭瑮屳䕎彗䥂䑒䅍彎塅乜坅䉟剉䵄乁䕟屘䕎彗䥂䑒䅍彎塅乜坅䉟剉䵄乁䕟⹘捶灸潲൪䌊尺獕牥屳扫ㅣ㘱㘰㈱尰潄畣敭瑮屳䕎彗䥂䑒䅍彎塅乜坅䉟剉䵄乁䕟屘敄畢屧䕎彗䥂䑒䅍彎塅氮扩਍㩃啜敳獲歜换ㄱ〶ㄶ〲䑜捯浵湥獴乜坅䉟剉䵄乁䕟屘䕎彗䥂䑒䅍彎塅䑜扥杵乜坅䉟剉䵄乁䕟⹘楬ൢ䌊尺獕牥屳扫ㅣ㘱㘰㈱尰潄畣敭瑮屳䕎彗䥂䑒䅍彎塅乜坅䉟剉䵄乁䕟屘敄畢屧䕎彗䥂䑒䅍彎塅攮灸਍㩃啜敳獲歜换ㄱ〶ㄶ〲䑜捯浵湥獴乜坅䉟剉䵄乁䕟屘䕎彗䥂䑒䅍彎塅䑜扥杵乜坅䉟剉䵄乁䕟⹘硥൰帊㩃啜敳獲歜换ㄱ〶ㄶ〲䑜捯浵湥獴乜坅䉟剉䵄乁䕟屘䕎彗䥂䑒䅍彎塅乜坅䉟剉䵄乁䕟屘䕎彗䥂䑒䅍彎塅瘮硣牰橯਍㩃啜敳獲歜换ㄱ〶ㄶ〲䑜捯浵湥獴乜坅䉟剉䵄乁䕟屘䕎彗䥂䑒䅍彎塅䑜扥杵乜坅䉟剉䵄乁䕟⹘楬ൢ䌊尺獕牥屳扫ㅣ㘱㘰㈱尰潄畣敭瑮屳䕎彗䥂䑒䅍彎塅乜坅䉟剉䵄乁䕟屘敄畢屧䕎彗䥂䑒䅍彎塅氮扩਍㩃啜敳獲歜换ㄱ〶ㄶ〲䑜捯浵湥獴乜坅䉟剉䵄乁䕟屘䕎彗䥂䑒䅍彎塅䑜扥杵乜坅䉟剉䵄乁䕟⹘硥൰䌊尺獕牥屳扫ㅣ㘱㘰㈱尰潄畣敭瑮屳䕎彗䥂䑒䅍彎塅乜坅䉟剉䵄乁䕟屘敄畢屧䕎彗䥂䑒䅍彎塅攮灸਍䍞尺獕牥屳扫ㅣ㘱㘰㈱尰潄畣敭瑮屳䕎彗䥂䑒䅍彎塅乜坅䉟剉䵄乁䕟屘䕎彗䥂䑒䅍彎塅乜坅䉟剉䵄乁䕟⹘捶灸潲൪䌊尺獕牥屳扫ㅣ㘱㘰㈱尰潄畣敭瑮屳䕎彗䥂䑒䅍彎塅乜坅䉟剉䵄乁䕟屘敄畢屧䕎彗䥂䑒䅍彎塅氮扩਍㩃啜敳獲歜换ㄱ〶ㄶ〲䑜捯浵湥獴乜坅䉟剉䵄乁䕟屘䕎彗䥂䑒䅍彎塅䑜扥杵乜坅䉟剉䵄乁䕟⹘楬ൢ䌊尺獕牥屳扫ㅣ㘱㘰㈱尰潄畣敭瑮屳䕎彗䥂䑒䅍彎塅乜坅䉟剉䵄乁䕟屘敄畢屧䕎彗䥂䑒䅍彎塅攮灸਍㩃啜敳獲歜换ㄱ〶ㄶ〲䑜捯浵湥獴乜坅䉟剉䵄乁䕟屘䕎彗䥂䑒䅍彎塅䑜扥杵乜坅䉟剉䵄乁䕟⹘硥൰帊㩃啜敳獲歜换ㄱ〶ㄶ〲䑜捯浵湥獴乜坅䉟剉䵄乁䕟屘䕎彗䥂䑒䅍彎塅乜坅䉟剉䵄乁䕟屘䕎彗䥂䑒䅍彎塅瘮硣牰橯਍㩃啜敳獲歜换ㄱ〶ㄶ〲䑜捯浵湥獴乜坅䉟剉䵄乁䕟屘䕎彗䥂䑒䅍彎塅䑜扥杵乜坅䉟剉䵄乁䕟⹘楬ൢ䌊尺獕牥屳扫ㅣ㘱㘰㈱尰潄畣敭瑮屳䕎彗䥂䑒䅍彎塅乜坅䉟剉䵄乁䕟屘敄畢屧䕎彗䥂䑒䅍彎塅氮扩਍㩃啜敳獲歜换ㄱ〶ㄶ〲䑜捯浵湥獴乜坅䉟剉䵄乁䕟屘䕎彗䥂䑒䅍彎塅䑜扥杵乜坅䉟剉䵄乁䕟⹘硥൰䌊尺獕牥屳扫ㅣ㘱㘰㈱尰潄畣敭瑮屳䕎彗䥂䑒䅍彎塅乜坅䉟剉䵄乁䕟屘敄畢屧䕎彗䥂䑒䅍彎塅攮灸਍䍞尺獕牥屳扫ㅣ㘱㘰㈱尰潄畣敭瑮屳䕎彗䥂䑒䅍彎塅乜坅䉟剉䵄乁䕟屘䕎彗䥂䑒䅍彎塅乜坅䉟剉䵄乁䕟⹘捶灸潲൪䌊尺獕牥屳扫ㅣ㘱㘰㈱尰潄畣敭瑮屳䕎彗䥂䑒䅍彎塅乜坅䉟剉䵄乁䕟屘敄畢屧䕎彗䥂䑒䅍彎塅氮扩਍㩃啜敳獲歜换ㄱ〶ㄶ〲䑜捯浵湥獴乜坅䉟剉䵄乁䕟屘䕎彗䥂䑒䅍彎塅䑜扥杵乜坅䉟剉䵄乁䕟⹘楬ൢ䌊尺獕牥屳扫ㅣ㘱㘰㈱尰潄畣敭瑮屳䕎彗䥂䑒䅍彎塅乜坅䉟剉䵄乁䕟屘敄畢屧䕎彗䥂䑒䅍彎塅攮灸਍㩃啜敳獲歜换ㄱ〶ㄶ〲䑜捯浵湥獴乜坅䉟剉䵄乁䕟屘䕎彗䥂䑒䅍彎塅䑜扥杵乜坅䉟剉䵄乁䕟⹘硥൰帊㩃啜敳獲歜换ㄱ〶ㄶ〲䑜捯浵湥獴乜坅䉟剉䵄乁䕟屘䕎彗䥂䑒䅍彎塅乜坅䉟剉䵄乁䕟屘䕎彗䥂䑒䅍彎塅瘮硣牰橯਍㩃啜敳獲歜换ㄱ〶ㄶ〲䑜捯浵湥獴乜坅䉟剉䵄乁䕟屘䕎彗䥂䑒䅍彎塅䑜扥杵乜坅䉟剉䵄乁䕟⹘楬ൢ䌊尺獕牥屳扫ㅣ㘱㘰㈱尰潄畣敭瑮屳䕎彗䥂䑒䅍彎塅乜坅䉟剉䵄乁䕟屘敄畢屧䕎彗䥂䑒䅍彎塅氮扩਍㩃啜敳獲歜换ㄱ〶ㄶ〲䑜捯浵湥獴乜坅䉟剉䵄乁䕟屘䕎彗䥂䑒䅍彎塅䑜扥杵乜坅䉟剉䵄乁䕟⹘硥൰䌊尺獕牥屳扫ㅣ㘱㘰㈱尰潄畣敭瑮屳䕎彗䥂䑒䅍彎塅乜坅䉟剉䵄乁䕟屘敄畢屧䕎彗䥂䑒䅍彎塅攮灸਍䍞尺獕牥屳扫ㅣ㘱㘰㈱尰潄畣敭瑮屳䕎彗䥂䑒䅍彎塅乜坅䉟剉䵄乁䕟屘䕎彗䥂䑒䅍彎塅乜坅䉟剉䵄乁䕟⹘捶灸潲൪䌊尺獕牥屳扫ㅣ㘱㘰㈱尰潄畣敭瑮屳䕎彗䥂䑒䅍彎塅乜坅䉟剉䵄乁䕟屘敄畢屧䕎彗䥂䑒䅍彎塅氮扩਍㩃啜敳獲歜换ㄱ〶ㄶ〲䑜捯浵湥獴乜坅䉟剉䵄乁䕟屘䕎彗䥂䑒䅍彎塅䑜扥杵乜坅䉟剉䵄乁䕟⹘楬ൢ䌊尺獕牥屳扫ㅣ㘱㘰㈱尰潄畣敭瑮屳䕎彗䥂䑒䅍彎塅乜坅䉟剉䵄乁䕟屘敄畢屧䕎彗䥂䑒䅍彎塅攮灸਍㩃啜敳獲歜换ㄱ〶ㄶ〲䑜捯浵湥獴乜坅䉟剉䵄乁䕟屘䕎彗䥂䑒䅍彎塅䑜扥杵乜坅䉟剉䵄乁䕟⹘硥൰帊㩃啜敳獲歜换ㄱ〶ㄶ〲䑜捯浵湥獴乜坅䉟剉䵄乁䕟屘䕎彗䥂䑒䅍彎塅乜坅䉟剉䵄乁䕟屘䕎彗䥂䑒䅍彎塅瘮硣牰橯਍㩃啜敳獲歜换ㄱ〶ㄶ〲䑜捯浵湥獴乜坅䉟剉䵄乁䕟屘䕎彗䥂䑒䅍彎塅䑜扥杵乜坅䉟剉䵄乁䕟⹘楬ൢ䌊尺獕牥屳扫ㅣ㘱㘰㈱尰潄畣敭瑮屳䕎彗䥂䑒䅍彎塅乜坅䉟剉䵄乁䕟屘敄畢屧䕎彗䥂䑒䅍彎塅氮扩਍㩃啜敳獲歜换ㄱ〶ㄶ〲䑜捯浵湥獴乜坅䉟剉䵄乁䕟屘䕎彗䥂䑒䅍彎塅䑜扥杵乜坅䉟剉䵄乁䕟⹘硥൰䌊尺獕牥屳扫ㅣ㘱㘰㈱尰潄畣敭瑮屳䕎彗䥂䑒䅍彎塅乜坅䉟剉䵄乁䕟屘敄畢屧䕎彗䥂䑒䅍彎塅攮灸਍䍞尺獕牥屳扫ㅣ㘱㘰㈱尰潄畣敭瑮屳䕎彗䥂䑒䅍彎塅乜坅䉟剉䵄乁䕟屘䕎彗䥂䑒䅍彎塅乜坅䉟剉䵄乁䕟⹘捶灸潲൪䌊尺獕牥屳扫ㅣ㘱㘰㈱尰潄畣敭瑮屳䕎彗䥂䑒䅍彎塅乜坅䉟剉䵄乁䕟屘敄畢屧䕎彗䥂䑒䅍彎塅氮扩਍㩃啜敳獲歜换ㄱ〶ㄶ〲䑜捯浵湥獴乜坅䉟剉䵄乁䕟屘䕎彗䥂䑒䅍彎塅䑜扥杵乜坅䉟剉䵄乁䕟⹘楬ൢ䌊尺獕牥屳扫ㅣ㘱㘰㈱尰潄畣敭瑮屳䕎彗䥂䑒䅍彎塅乜坅䉟剉䵄乁䕟屘敄畢屧䕎彗䥂䑒䅍彎塅攮灸਍㩃啜敳獲歜换ㄱ〶ㄶ〲䑜捯浵湥獴乜坅䉟剉䵄乁䕟屘䕎彗䥂䑒䅍彎塅䑜扥杵乜坅䉟剉䵄乁䕟⹘硥൰帊㩃啜敳獲歜换ㄱ〶ㄶ〲䑜捯浵湥獴乜坅䉟剉䵄乁䕟屘䕎彗䥂䑒䅍彎塅乜坅䉟剉䵄乁䕟屘䕎彗䥂䑒䅍彎塅瘮硣牰橯਍㩃啜敳獲歜换ㄱ〶ㄶ〲䑜捯浵湥獴乜坅䉟剉䵄乁䕟屘䕎彗䥂䑒䅍彎塅䑜扥杵乜坅䉟剉䵄乁䕟⹘楬ൢ䌊尺獕牥屳扫ㅣ㘱㘰㈱尰潄畣敭瑮屳䕎彗䥂䑒䅍彎塅乜坅䉟剉䵄乁䕟屘敄畢屧䕎彗䥂䑒䅍彎塅氮扩਍㩃啜敳獲歜换ㄱ〶ㄶ〲䑜捯浵湥獴乜坅䉟剉䵄乁䕟屘䕎彗䥂䑒䅍彎塅䑜扥杵乜坅䉟剉䵄乁䕟⹘硥൰䌊尺獕牥屳扫ㅣ㘱㘰㈱尰潄畣敭瑮屳䕎彗䥂䑒䅍彎塅乜坅䉟剉䵄乁䕟屘敄畢屧䕎彗䥂䑒䅍彎塅攮灸਍䍞尺獕牥屳扫ㅣ㘱㘰㈱尰潄畣敭瑮屳䕎彗䥂䑒䅍彎塅乜坅䉟剉䵄乁䕟屘䕎彗䥂䑒䅍彎塅乜坅䉟剉䵄乁䕟⹘捶灸潲൪䌊尺獕牥屳扫ㅣ㘱㘰㈱尰潄畣敭瑮屳䕎彗䥂䑒䅍彎塅乜坅䉟剉䵄乁䕟屘敄畢屧䕎彗䥂䑒䅍彎塅氮扩਍㩃啜敳獲歜换ㄱ〶ㄶ〲䑜捯浵湥獴乜坅䉟剉䵄乁䕟屘䕎彗䥂䑒䅍彎塅䑜扥杵乜坅䉟剉䵄乁䕟⹘楬ൢ䌊尺獕牥屳扫ㅣ㘱㘰㈱尰潄畣敭瑮屳䕎彗䥂䑒䅍彎塅乜坅䉟剉䵄乁䕟屘敄畢屧䕎彗䥂䑒䅍彎塅攮灸਍㩃啜敳獲歜换ㄱ〶ㄶ〲䑜捯浵湥獴乜坅䉟剉䵄乁䕟屘䕎彗䥂䑒䅍彎塅䑜扥杵乜坅䉟剉䵄乁䕟⹘硥൰帊㩃啜敳獲歜换ㄱ〶ㄶ〲䑜捯浵湥獴乜坅䉟剉䵄乁䕟屘䕎彗䥂䑒䅍彎塅乜坅䉟剉䵄乁䕟屘䕎彗䥂䑒䅍彎塅瘮硣牰橯਍㩃啜敳獲歜换ㄱ〶ㄶ〲䑜捯浵湥獴乜坅䉟剉䵄乁䕟屘䕎彗䥂䑒䅍彎塅䑜扥杵乜坅䉟剉䵄乁䕟⹘楬ൢ䌊尺獕牥屳扫ㅣ㘱㘰㈱尰潄畣敭瑮屳䕎彗䥂䑒䅍彎塅乜坅䉟剉䵄乁䕟屘敄畢屧䕎彗䥂䑒䅍彎塅氮扩਍㩃啜敳獲歜换ㄱ〶ㄶ〲䑜捯浵湥獴乜坅䉟剉䵄乁䕟屘䕎彗䥂䑒䅍彎塅䑜扥杵乜坅䉟剉䵄乁䕟⹘硥൰䌊尺獕牥屳扫ㅣ㘱㘰㈱尰潄畣敭瑮屳䕎彗䥂䑒䅍彎塅乜坅䉟剉䵄乁䕟屘敄畢屧䕎彗䥂䑒䅍彎塅攮灸਍䍞尺獕牥屳扫ㅣ㘱㘰㈱尰潄畣敭瑮屳䕎彗䥂䑒䅍彎塅乜坅䉟剉䵄乁䕟屘䕎彗䥂䑒䅍彎塅乜坅䉟剉䵄乁䕟⹘捶灸潲൪䌊尺獕牥屳扫ㅣ㘱㘰㈱尰潄畣敭瑮屳䕎彗䥂䑒䅍彎塅乜坅䉟剉䵄乁䕟屘敄畢屧䕎彗䥂䑒䅍彎塅氮扩਍㩃啜敳獲歜换ㄱ〶ㄶ〲䑜捯浵湥獴乜坅䉟剉䵄乁䕟屘䕎彗䥂䑒䅍彎塅䑜扥杵乜坅䉟剉䵄乁䕟⹘楬ൢ䌊尺獕牥屳扫ㅣ㘱㘰㈱尰潄畣敭瑮屳䕎彗䥂䑒䅍彎塅乜坅䉟剉䵄乁䕟屘敄畢屧䕎彗䥂䑒䅍彎塅攮灸਍㩃啜敳獲歜换ㄱ〶ㄶ〲䑜捯浵湥獴乜坅䉟剉䵄乁䕟屘䕎彗䥂䑒䅍彎塅䑜扥杵乜坅䉟剉䵄乁䕟⹘硥൰帊㩃啜敳獲歜换ㄱ〶ㄶ〲䑜捯浵湥獴乜坅䉟剉䵄乁䕟屘䕎彗䥂䑒䅍彎塅乜坅䉟剉䵄乁䕟屘䕎彗䥂䑒䅍彎塅瘮硣牰橯਍㩃啜敳獲歜换ㄱ〶ㄶ〲䑜捯浵湥獴乜坅䉟剉䵄乁䕟屘䕎彗䥂䑒䅍彎塅䑜扥杵乜坅䉟剉䵄乁䕟⹘楬ൢ䌊尺獕牥屳扫ㅣ㘱㘰㈱尰潄畣敭瑮屳䕎彗䥂䑒䅍彎塅乜坅䉟剉䵄乁䕟屘敄畢屧䕎彗䥂䑒䅍彎塅氮扩਍㩃啜敳獲歜换ㄱ〶ㄶ〲䑜捯浵湥獴乜坅䉟剉䵄乁䕟屘䕎彗䥂䑒䅍彎塅䑜扥杵乜坅䉟剉䵄乁䕟⹘硥൰䌊尺獕牥屳扫ㅣ㘱㘰㈱尰潄畣敭瑮屳䕎彗䥂䑒䅍彎塅乜坅䉟剉䵄乁䕟屘敄畢屧䕎彗䥂䑒䅍彎塅攮灸਍䍞尺獕牥屳扫ㅣ㘱㘰㈱尰潄畣敭瑮屳䕎彗䥂䑒䅍彎塅乜坅䉟剉䵄乁䕟屘䕎彗䥂䑒䅍彎塅乜坅䉟剉䵄乁䕟⹘捶灸潲൪䌊尺獕牥屳扫ㅣ㘱㘰㈱尰潄畣敭瑮屳䕎彗䥂䑒䅍彎塅乜坅䉟剉䵄乁䕟屘敄畢屧䕎彗䥂䑒䅍彎塅氮扩਍㩃啜敳獲歜换ㄱ〶ㄶ〲䑜捯浵湥獴乜坅䉟剉䵄乁䕟屘䕎彗䥂䑒䅍彎塅䑜扥杵乜坅䉟剉䵄乁䕟⹘楬ൢ䌊尺獕牥屳扫ㅣ㘱㘰㈱尰潄畣敭瑮屳䕎彗䥂䑒䅍彎塅乜坅䉟剉䵄乁䕟屘敄畢屧䕎彗䥂䑒䅍彎塅攮灸਍㩃啜敳獲歜换ㄱ〶ㄶ〲䑜捯浵湥獴乜坅䉟剉䵄乁䕟屘䕎彗䥂䑒䅍彎塅䑜扥杵乜坅䉟剉䵄乁䕟⹘硥൰帊㩃啜敳獲歜换ㄱ〶ㄶ〲䑜捯浵湥獴乜坅䉟剉䵄乁䕟屘䕎彗䥂䑒䅍彎塅乜坅䉟剉䵄乁䕟屘䕎彗䥂䑒䅍彎塅瘮硣牰橯਍㩃啜敳獲歜换ㄱ〶ㄶ〲䑜捯浵湥獴乜坅䉟剉䵄乁䕟屘䕎彗䥂䑒䅍彎塅䑜扥杵乜坅䉟剉䵄乁䕟⹘楬ൢ䌊尺獕牥屳扫ㅣ㘱㘰㈱尰潄畣敭瑮屳䕎彗䥂䑒䅍彎塅乜坅䉟剉䵄乁䕟屘敄畢屧䕎彗䥂䑒䅍彎塅氮扩਍㩃啜敳獲歜换ㄱ〶ㄶ〲䑜捯浵湥獴乜坅䉟剉䵄乁䕟屘䕎彗䥂䑒䅍彎塅䑜扥杵乜坅䉟剉䵄乁䕟⹘硥൰䌊尺獕牥屳扫ㅣ㘱㘰㈱尰潄畣敭瑮屳䕎彗䥂䑒䅍彎塅乜坅䉟剉䵄乁䕟屘敄畢屧䕎彗䥂䑒䅍彎塅攮灸਍䍞尺獕牥屳扫ㅣ㘱㘰㈱尰潄畣敭瑮屳䕎彗䥂䑒䅍彎塅乜坅䉟剉䵄乁䕟屘䕎彗䥂䑒䅍彎塅乜坅䉟剉䵄乁䕟⹘捶灸潲൪䌊尺獕牥屳扫ㅣ㘱㘰㈱尰潄畣敭瑮屳䕎彗䥂䑒䅍彎塅乜坅䉟剉䵄乁䕟屘敄畢屧䕎彗䥂䑒䅍彎塅氮扩਍㩃啜敳獲歜换ㄱ〶ㄶ〲䑜捯浵湥獴乜坅䉟剉䵄乁䕟屘䕎彗䥂䑒䅍彎塅䑜扥杵乜坅䉟剉䵄乁䕟⹘楬ൢ䌊尺獕牥屳扫ㅣ㘱㘰㈱尰潄畣敭瑮屳䕎彗䥂䑒䅍彎塅乜坅䉟剉䵄乁䕟屘敄畢屧䕎彗䥂䑒䅍彎塅攮灸਍㩃啜敳獲歜换ㄱ〶ㄶ〲䑜捯浵湥獴乜坅䉟剉䵄乁䕟屘䕎彗䥂䑒䅍彎塅䑜扥杵乜坅䉟剉䵄乁䕟⹘硥൰帊㩃啜敳獲歜换ㄱ〶ㄶ〲䑜捯浵湥獴乜坅䉟剉䵄乁䕟屘䕎彗䥂䑒䅍彎塅乜坅䉟剉䵄乁䕟屘䕎彗䥂䑒䅍彎塅瘮硣牰橯਍㩃啜敳獲歜换ㄱ〶ㄶ〲䑜捯浵湥獴乜坅䉟剉䵄乁䕟屘䕎彗䥂䑒䅍彎塅䑜扥杵乜坅䉟剉䵄乁䕟⹘楬ൢ䌊尺獕牥屳扫ㅣ㘱㘰㈱尰潄畣敭瑮屳䕎彗䥂䑒䅍彎塅乜坅䉟剉䵄乁䕟屘敄畢屧䕎彗䥂䑒䅍彎塅氮扩਍㩃啜敳獲歜换ㄱ〶ㄶ〲䑜捯浵湥獴乜坅䉟剉䵄乁䕟屘䕎彗䥂䑒䅍彎塅䑜扥杵乜坅䉟剉䵄乁䕟⹘硥൰䌊尺獕牥屳扫ㅣ㘱㘰㈱尰潄畣敭瑮屳䕎彗䥂䑒䅍彎塅乜坅䉟剉䵄乁䕟屘敄畢屧䕎彗䥂䑒䅍彎塅攮灸਍䍞尺獕牥屳扫ㅣ㘱㘰㈱尰潄畣敭瑮屳䕎彗䥂䑒䅍彎塅乜坅䉟剉䵄乁䕟屘䕎彗䥂䑒䅍彎塅乜坅䉟剉䵄乁䕟⹘捶灸潲൪䌊尺獕牥屳扫ㅣ㘱㘰㈱尰潄畣敭瑮屳䕎彗䥂䑒䅍彎塅乜坅䉟剉䵄乁䕟屘敄畢屧䕎彗䥂䑒䅍彎塅氮扩਍㩃啜敳獲歜换ㄱ〶ㄶ〲䑜捯浵湥獴乜坅䉟剉䵄乁䕟屘䕎彗䥂䑒䅍彎塅䑜扥杵乜坅䉟剉䵄乁䕟⹘楬ൢ䌊尺獕牥屳扫ㅣ㘱㘰㈱尰潄畣敭瑮屳䕎彗䥂䑒䅍彎塅乜坅䉟剉䵄乁䕟屘敄畢屧䕎彗䥂䑒䅍彎塅攮灸਍㩃啜敳獲歜换ㄱ〶ㄶ〲䑜捯浵湥獴乜坅䉟剉䵄乁䕟屘䕎彗䥂䑒䅍彎塅䑜扥杵乜坅䉟剉䵄乁䕟⹘硥൰帊㩃啜敳獲歜换ㄱ〶ㄶ〲䑜捯浵湥獴乜坅䉟剉䵄乁䕟屘䕎彗䥂䑒䅍彎塅乜坅䉟剉䵄乁䕟屘䕎彗䥂䑒䅍彎塅瘮硣牰橯਍㩃啜敳獲歜换ㄱ〶ㄶ〲䑜捯浵湥獴乜坅䉟剉䵄乁䕟屘䕎彗䥂䑒䅍彎塅䑜扥杵乜坅䉟剉䵄乁䕟⹘楬ൢ䌊尺獕牥屳扫ㅣ㘱㘰㈱尰潄畣敭瑮屳䕎彗䥂䑒䅍彎塅乜坅䉟剉䵄乁䕟屘敄畢屧䕎彗䥂䑒䅍彎塅氮扩਍㩃啜敳獲歜换ㄱ〶ㄶ〲䑜捯浵湥獴乜坅䉟剉䵄乁䕟屘䕎彗䥂䑒䅍彎塅䑜扥杵乜坅䉟剉䵄乁䕟⹘硥൰䌊尺獕牥屳扫ㅣ㘱㘰㈱尰潄畣敭瑮屳䕎彗䥂䑒䅍彎塅乜坅䉟剉䵄乁䕟屘敄畢屧䕎彗䥂䑒䅍彎塅攮灸਍䍞尺獕牥屳扫ㅣ㘱㘰㈱尰潄畣敭瑮屳䕎彗䥂䑒䅍彎塅乜坅䉟剉䵄乁䕟屘䕎彗䥂䑒䅍彎塅乜坅䉟剉䵄乁䕟⹘捶灸潲൪䌊尺獕牥屳扫ㅣ㘱㘰㈱尰潄畣敭瑮屳䕎彗䥂䑒䅍彎塅乜坅䉟剉䵄乁䕟屘敄畢屧䕎彗䥂䑒䅍彎塅氮扩਍㩃啜敳獲歜换ㄱ〶ㄶ〲䑜捯浵湥獴乜坅䉟剉䵄乁䕟屘䕎彗䥂䑒䅍彎塅䑜扥杵乜坅䉟剉䵄乁䕟⹘楬ൢ䌊尺獕牥屳扫ㅣ㘱㘰㈱尰潄畣敭瑮屳䕎彗䥂䑒䅍彎塅乜坅䉟剉䵄乁䕟屘敄畢屧䕎彗䥂䑒䅍彎塅攮灸਍㩃啜敳獲歜换ㄱ〶ㄶ〲䑜捯浵湥獴乜坅䉟剉䵄乁䕟屘䕎彗䥂䑒䅍彎塅䑜扥杵乜坅䉟剉䵄乁䕟⹘硥൰帊㩃啜敳獲歜换ㄱ〶ㄶ〲䑜捯浵湥獴乜坅䉟剉䵄乁䕟屘䕎彗䥂䑒䅍彎塅乜坅䉟剉䵄乁䕟屘䕎彗䥂䑒䅍彎塅瘮硣牰橯਍㩃啜敳獲歜换ㄱ〶ㄶ〲䑜捯浵湥獴乜坅䉟剉䵄乁䕟屘䕎彗䥂䑒䅍彎塅䑜扥杵乜坅䉟剉䵄乁䕟⹘楬ൢ䌊尺獕牥屳扫ㅣ㘱㘰㈱尰潄畣敭瑮屳䕎彗䥂䑒䅍彎塅乜坅䉟剉䵄乁䕟屘敄畢屧䕎彗䥂䑒䅍彎塅氮扩਍㩃啜敳獲歜换ㄱ〶ㄶ〲䑜捯浵湥獴乜坅䉟剉䵄乁䕟屘䕎彗䥂䑒䅍彎塅䑜扥杵乜坅䉟剉䵄乁䕟⹘硥൰䌊尺獕牥屳扫ㅣ㘱㘰㈱尰潄畣敭瑮屳䕎彗䥂䑒䅍彎塅乜坅䉟剉䵄乁䕟屘敄畢屧䕎彗䥂䑒䅍彎塅攮灸਍䍞尺獕牥屳扫ㅣ㘱㘰㈱尰潄畣敭瑮屳䕎彗䥂䑒䅍彎塅乜坅䉟剉䵄乁䕟屘䕎彗䥂䑒䅍彎塅乜坅䉟剉䵄乁䕟⹘捶灸潲൪䌊尺獕牥屳扫ㅣ㘱㘰㈱尰潄畣敭瑮屳䕎彗䥂䑒䅍彎塅乜坅䉟剉䵄乁䕟屘敄畢屧䕎彗䥂䑒䅍彎塅氮扩਍㩃啜敳獲歜换ㄱ〶ㄶ〲䑜捯浵湥獴乜坅䉟剉䵄乁䕟屘䕎彗䥂䑒䅍彎塅䑜扥杵乜坅䉟剉䵄乁䕟⹘楬ൢ䌊尺獕牥屳扫ㅣ㘱㘰㈱尰潄畣敭瑮屳䕎彗䥂䑒䅍彎塅乜坅䉟剉䵄乁䕟屘敄畢屧䕎彗䥂䑒䅍彎塅攮灸਍㩃啜敳獲歜换ㄱ〶ㄶ〲䑜捯浵湥獴乜坅䉟剉䵄乁䕟屘䕎彗䥂䑒䅍彎塅䑜扥杵乜坅䉟剉䵄乁䕟⹘硥൰帊㩃啜敳獲歜换ㄱ〶ㄶ〲䑜捯浵湥獴乜坅䉟剉䵄乁䕟屘䕎彗䥂䑒䅍彎塅乜坅䉟剉䵄乁䕟屘䕎彗䥂䑒䅍彎塅瘮硣牰橯਍㩃啜敳獲歜换ㄱ〶ㄶ〲䑜捯浵湥獴乜坅䉟剉䵄乁䕟屘䕎彗䥂䑒䅍彎塅䑜扥杵乜坅䉟剉䵄乁䕟⹘楬ൢ䌊尺獕牥屳扫ㅣ㘱㘰㈱尰潄畣敭瑮屳䕎彗䥂䑒䅍彎塅乜坅䉟剉䵄乁䕟屘敄畢屧䕎彗䥂䑒䅍彎塅氮扩਍㩃啜敳獲歜换ㄱ〶ㄶ〲䑜捯浵湥獴乜坅䉟剉䵄乁䕟屘䕎彗䥂䑒䅍彎塅䑜扥杵乜坅䉟剉䵄乁䕟⹘硥൰䌊尺獕牥屳扫ㅣ㘱㘰㈱尰潄畣敭瑮屳䕎彗䥂䑒䅍彎塅乜坅䉟剉䵄乁䕟屘敄畢屧䕎彗䥂䑒䅍彎塅攮灸਍䍞尺獕牥屳扫ㅣ㘱㘰㈱尰潄畣敭瑮屳䕎彗䥂䑒䅍彎塅乜坅䉟剉䵄乁䕟屘䕎彗䥂䑒䅍彎塅乜坅䉟剉䵄乁䕟⹘捶灸潲൪䌊尺獕牥屳扫ㅣ㘱㘰㈱尰潄畣敭瑮屳䕎彗䥂䑒䅍彎塅乜坅䉟剉䵄乁䕟屘敄畢屧䕎彗䥂䑒䅍彎塅氮扩਍㩃啜敳獲歜换ㄱ〶ㄶ〲䑜捯浵湥獴乜坅䉟剉䵄乁䕟屘䕎彗䥂䑒䅍彎塅䑜扥杵乜坅䉟剉䵄乁䕟⹘楬ൢ䌊尺獕牥屳扫ㅣ㘱㘰㈱尰潄畣敭瑮屳䕎彗䥂䑒䅍彎塅乜坅䉟剉䵄乁䕟屘敄畢屧䕎彗䥂䑒䅍彎塅攮灸਍㩃啜敳獲歜换ㄱ〶ㄶ〲䑜捯浵湥獴乜坅䉟剉䵄乁䕟屘䕎彗䥂䑒䅍彎塅䑜扥杵乜坅䉟剉䵄乁䕟⹘硥൰帊㩃啜敳獲歜换ㄱ〶ㄶ〲䑜捯浵湥獴乜坅䉟剉䵄乁䕟屘䕎彗䥂䑒䅍彎塅乜坅䉟剉䵄乁䕟屘䕎彗䥂䑒䅍彎塅瘮硣牰橯਍㩃啜敳獲歜换ㄱ〶ㄶ〲䑜捯浵湥獴乜坅䉟剉䵄乁䕟屘䕎彗䥂䑒䅍彎塅䑜扥杵乜坅䉟剉䵄乁䕟⹘楬ൢ䌊尺獕牥屳扫ㅣ㘱㘰㈱尰潄畣敭瑮屳䕎彗䥂䑒䅍彎塅乜坅䉟剉䵄乁䕟屘敄畢屧䕎彗䥂䑒䅍彎塅氮扩਍㩃啜敳獲歜换ㄱ〶ㄶ〲䑜捯浵湥獴乜坅䉟剉䵄乁䕟屘䕎彗䥂䑒䅍彎塅䑜扥杵乜坅䉟剉䵄乁䕟⹘硥൰䌊尺獕牥屳扫ㅣ㘱㘰㈱尰潄畣敭瑮屳䕎彗䥂䑒䅍彎塅乜坅䉟剉䵄乁䕟屘敄畢屧䕎彗䥂䑒䅍彎塅攮灸਍䍞尺獕牥屳扫ㅣ㘱㘰㈱尰潄畣敭瑮屳䕎彗䥂䑒䅍彎塅乜坅䉟剉䵄乁䕟屘䕎彗䥂䑒䅍彎塅乜坅䉟剉䵄乁䕟⹘捶灸潲൪䌊尺獕牥屳扫ㅣ㘱㘰㈱尰潄畣敭瑮屳䕎彗䥂䑒䅍彎塅乜坅䉟剉䵄乁䕟屘敄畢屧䕎彗䥂䑒䅍彎塅氮扩਍㩃啜敳獲歜换ㄱ〶ㄶ〲䑜捯浵湥獴乜坅䉟剉䵄乁䕟屘䕎彗䥂䑒䅍彎塅䑜扥杵乜坅䉟剉䵄乁䕟⹘楬ൢ䌊尺獕牥屳扫ㅣ㘱㘰㈱尰潄畣敭瑮屳䕎彗䥂䑒䅍彎塅乜坅䉟剉䵄乁䕟屘敄畢屧䕎彗䥂䑒䅍彎塅攮灸਍㩃啜敳獲歜换ㄱ〶ㄶ〲䑜捯浵湥獴乜坅䉟剉䵄乁䕟屘䕎彗䥂䑒䅍彎塅䑜扥杵乜坅䉟剉䵄乁䕟⹘硥൰帊㩃啜敳獲歜换ㄱ〶ㄶ〲䑜捯浵湥獴乜坅䉟剉䵄乁䕟屘䕎彗䥂䑒䅍彎塅乜坅䉟剉䵄乁䕟屘䕎彗䥂䑒䅍彎塅瘮硣牰橯਍㩃啜敳獲歜换ㄱ〶ㄶ〲䑜捯浵湥獴乜坅䉟剉䵄乁䕟屘䕎彗䥂䑒䅍彎塅䑜扥杵乜坅䉟剉䵄乁䕟⹘楬ൢ䌊尺獕牥屳扫ㅣ㘱㘰㈱尰潄畣敭瑮屳䕎彗䥂䑒䅍彎塅乜坅䉟剉䵄乁䕟屘敄畢屧䕎彗䥂䑒䅍彎塅氮扩਍㩃啜敳獲歜换ㄱ〶ㄶ〲䑜捯浵湥獴乜坅䉟剉䵄乁䕟屘䕎彗䥂䑒䅍彎塅䑜扥杵乜坅䉟剉䵄乁䕟⹘硥൰䌊尺獕牥屳扫ㅣ㘱㘰㈱尰潄畣敭瑮屳䕎彗䥂䑒䅍彎塅乜坅䉟剉䵄乁䕟屘敄畢屧䕎彗䥂䑒䅍彎塅攮灸਍䍞尺獕牥屳扫ㅣ㘱㘰㈱尰潄畣敭瑮屳䕎彗䥂䑒䅍彎塅乜坅䉟剉䵄乁䕟屘䕎彗䥂䑒䅍彎塅乜坅䉟剉䵄乁䕟⹘捶灸潲൪䌊尺獕牥屳扫ㅣ㘱㘰㈱尰潄畣敭瑮屳䕎彗䥂䑒䅍彎塅乜坅䉟剉䵄乁䕟屘敄畢屧䕎彗䥂䑒䅍彎塅氮扩਍㩃啜敳獲歜换ㄱ〶ㄶ〲䑜捯浵湥獴乜坅䉟剉䵄乁䕟屘䕎彗䥂䑒䅍彎塅䑜扥杵乜坅䉟剉䵄乁䕟⹘楬ൢ䌊尺獕牥屳扫ㅣ㘱㘰㈱尰潄畣敭瑮屳䕎彗䥂䑒䅍彎塅乜坅䉟剉䵄乁䕟屘敄畢屧䕎彗䥂䑒䅍彎塅攮灸਍㩃啜敳獲歜换ㄱ〶ㄶ〲䑜捯浵湥獴乜坅䉟剉䵄乁䕟屘䕎彗䥂䑒䅍彎塅䑜扥杵乜坅䉟剉䵄乁䕟⹘硥൰帊㩃啜敳獲歜换ㄱ〶ㄶ〲䑜捯浵湥獴乜坅䉟剉䵄乁䕟屘䕎彗䥂䑒䅍彎塅乜坅䉟剉䵄乁䕟屘䕎彗䥂䑒䅍彎塅瘮硣牰橯਍㩃啜敳獲歜换ㄱ〶ㄶ〲䑜捯浵湥獴乜坅䉟剉䵄乁䕟屘䕎彗䥂䑒䅍彎塅䑜扥杵乜坅䉟剉䵄乁䕟⹘楬ൢ䌊尺獕牥屳扫ㅣ㘱㘰㈱尰潄畣敭瑮屳䕎彗䥂䑒䅍彎塅乜坅䉟剉䵄乁䕟屘敄畢屧䕎彗䥂䑒䅍彎塅氮扩਍㩃啜敳獲歜换ㄱ〶ㄶ〲䑜捯浵湥獴乜坅䉟剉䵄乁䕟屘䕎彗䥂䑒䅍彎塅䑜扥杵乜坅䉟剉䵄乁䕟⹘硥൰䌊尺獕牥屳扫ㅣ㘱㘰㈱尰潄畣敭瑮屳䕎彗䥂䑒䅍彎塅乜坅䉟剉䵄乁䕟屘敄畢屧䕎彗䥂䑒䅍彎塅攮灸਍䍞尺獕牥屳扫ㅣ㘱㘰㈱尰潄畣敭瑮屳䕎彗䥂䑒䅍彎塅乜坅䉟剉䵄乁䕟屘䕎彗䥂䑒䅍彎塅乜坅䉟剉䵄乁䕟⹘捶灸潲൪䌊尺獕牥屳扫ㅣ㘱㘰㈱尰潄畣敭瑮屳䕎彗䥂䑒䅍彎塅乜坅䉟剉䵄乁䕟屘敄畢屧䕎彗䥂䑒䅍彎塅氮扩਍㩃啜敳獲歜换ㄱ〶ㄶ〲䑜捯浵湥獴乜坅䉟剉䵄乁䕟屘䕎彗䥂䑒䅍彎塅䑜扥杵乜坅䉟剉䵄乁䕟⹘楬ൢ䌊尺獕牥屳扫ㅣ㘱㘰㈱尰潄畣敭瑮屳䕎彗䥂䑒䅍彎塅乜坅䉟剉䵄乁䕟屘敄畢屧䕎彗䥂䑒䅍彎塅攮灸਍㩃啜敳獲歜换ㄱ〶ㄶ〲䑜捯浵湥獴乜坅䉟剉䵄乁䕟屘䕎彗䥂䑒䅍彎塅䑜扥杵乜坅䉟剉䵄乁䕟⹘硥൰帊㩃啜敳獲歜换ㄱ〶ㄶ〲䑜捯浵湥獴乜坅䉟剉䵄乁䕟屘䕎彗䥂䑒䅍彎塅乜坅䉟剉䵄乁䕟屘䕎彗䥂䑒䅍彎塅瘮硣牰橯਍㩃啜敳獲歜换ㄱ〶ㄶ〲䑜捯浵湥獴乜坅䉟剉䵄乁䕟屘䕎彗䥂䑒䅍彎塅䑜扥杵乜坅䉟剉䵄乁䕟⹘楬ൢ䌊尺獕牥屳扫ㅣ㘱㘰㈱尰潄畣敭瑮屳䕎彗䥂䑒䅍彎塅乜坅䉟剉䵄乁䕟屘敄畢屧䕎彗䥂䑒䅍彎塅氮扩਍㩃啜敳獲歜换ㄱ〶ㄶ〲䑜捯浵湥獴乜坅䉟剉䵄乁䕟屘䕎彗䥂䑒䅍彎塅䑜扥杵乜坅䉟剉䵄乁䕟⹘硥൰䌊尺獕牥屳扫ㅣ㘱㘰㈱尰潄畣敭瑮屳䕎彗䥂䑒䅍彎塅乜坅䉟剉䵄乁䕟屘敄畢屧䕎彗䥂䑒䅍彎塅攮灸਍
C:\Users\kbc11606120\Documents\NEW_BIRDMAN_EX\NEW_BIRDMAN_EX\NEW_BIRDMAN_EX\Debug\DebugMode.obj
C:\Users\kbc11606120\Documents\NEW_BIRDMAN_EX\NEW_BIRDMAN_EX\NEW_BIRDMAN_EX\Debug\GMain1P.obj
C:\Users\kbc11606120\Documents\NEW_BIRDMAN_EX\NEW_BIRDMAN_EX\NEW_BIRDMAN_EX\Debug\GMain2P.obj
C:\Users\kbc11606120\Documents\NEW_BIRDMAN_EX\NEW_BIRDMAN_EX\NEW_BIRDMAN_EX\Debug\GMainPMgr.obj
C:\Users\kbc11606120\Documents\NEW_BIRDMAN_EX\NEW_BIRDMAN_EX\NEW_BIRDMAN_EX\Debug\GMainUI.obj
C:\Users\kbc11606120\Documents\NEW_BIRDMAN_EX\NEW_BIRDMAN_EX\NEW_BIRDMAN_EX\Debug\Main.obj
C:\Users\kbc11606120\Documents\NEW_BIRDMAN_EX\NEW_BIRDMAN_EX\NEW_BIRDMAN_EX\Debug\sceneGMain.obj
C:\Users\kbc11606120\Documents\NEW_BIRDMAN_EX\NEW_BIRDMAN_EX\NEW_BIRDMAN_EX\Debug\sceneTitle.obj
C:\Users\kbc11606120\Documents\NEW_BIRDMAN_EX\NEW_BIRDMAN_EX\NEW_BIRDMAN_EX\Debug\titleDescribe.obj
C:\Users\kbc11606120\Documents\NEW_BIRDMAN_EX\NEW_BIRDMAN_EX\NEW_BIRDMAN_EX\Debug\titleLogo.obj
C:\Users\kbc11606120\Documents\NEW_BIRDMAN_EX\NEW_BIRDMAN_EX\NEW_BIRDMAN_EX\Debug\titleSelect.obj
C:\Users\kbc11606120\Documents\NEW_BIRDMAN_EX\NEW_BIRDMAN_EX\NEW_BIRDMAN_EX\Debug\cl.command.1.tlog
C:\Users\kbc11606120\Documents\NEW_BIRDMAN_EX\NEW_BIRDMAN_EX\NEW_BIRDMAN_EX\Debug\CL.read.1.tlog
C:\Users\kbc11606120\Documents\NEW_BIRDMAN_EX\NEW_BIRDMAN_EX\NEW_BIRDMAN_EX\Debug\CL.write.1.tlog
C:\Users\kbc11606120\Documents\NEW_BIRDMAN_EX\NEW_BIRDMAN_EX\NEW_BIRDMAN_EX\Debug\link-cvtres.read.1.tlog
C:\Users\kbc11606120\Documents\NEW_BIRDMAN_EX\NEW_BIRDMAN_EX\NEW_BIRDMAN_EX\Debug\link-cvtres.write.1.tlog
C:\Users\kbc11606120\Documents\NEW_BIRDMAN_EX\NEW_BIRDMAN_EX\NEW_BIRDMAN_EX\Debug\link-rc.read.1.tlog
C:\Users\kbc11606120\Documents\NEW_BIRDMAN_EX\NEW_BIRDMAN_EX\NEW_BIRDMAN_EX\Debug\link-rc.write.1.tlog
C:\Users\kbc11606120\Documents\NEW_BIRDMAN_EX\NEW_BIRDMAN_EX\NEW_BIRDMAN_EX\Debug\link.11860-cvtres.read.1.tlog
C:\Users\kbc11606120\Documents\NEW_BIRDMAN_EX\NEW_BIRDMAN_EX\NEW_BIRDMAN_EX\Debug\link.11860-cvtres.write.1.tlog
C:\Users\kbc11606120\Documents\NEW_BIRDMAN_EX\NEW_BIRDMAN_EX\NEW_BIRDMAN_EX\Debug\link.11860-rc.read.1.tlog
C:\Users\kbc11606120\Documents\NEW_BIRDMAN_EX\NEW_BIRDMAN_EX\NEW_BIRDMAN_EX\Debug\link.11860-rc.write.1.tlog
C:\Users\kbc11606120\Documents\NEW_BIRDMAN_EX\NEW_BIRDMAN_EX\NEW_BIRDMAN_EX\Debug\link.11860.read.1.tlog
C:\Users\kbc11606120\Documents\NEW_BIRDMAN_EX\NEW_BIRDMAN_EX\NEW_BIRDMAN_EX\Debug\link.11860.write.1.tlog
C:\Users\kbc11606120\Documents\NEW_BIRDMAN_EX\NEW_BIRDMAN_EX\NEW_BIRDMAN_EX\Debug\link.1348-cvtres.read.1.tlog
C:\Users\kbc11606120\Documents\NEW_BIRDMAN_EX\NEW_BIRDMAN_EX\NEW_BIRDMAN_EX\Debug\link.1348-cvtres.write.1.tlog
C:\Users\kbc11606120\Documents\NEW_BIRDMAN_EX\NEW_BIRDMAN_EX\NEW_BIRDMAN_EX\Debug\link.1348-rc.read.1.tlog
C:\Users\kbc11606120\Documents\NEW_BIRDMAN_EX\NEW_BIRDMAN_EX\NEW_BIRDMAN_EX\Debug\link.1348-rc.write.1.tlog
C:\Users\kbc11606120\Documents\NEW_BIRDMAN_EX\NEW_BIRDMAN_EX\NEW_BIRDMAN_EX\Debug\link.1348.read.1.tlog
C:\Users\kbc11606120\Documents\NEW_BIRDMAN_EX\NEW_BIRDMAN_EX\NEW_BIRDMAN_EX\Debug\link.1348.write.1.tlog
C:\Users\kbc11606120\Documents\NEW_BIRDMAN_EX\NEW_BIRDMAN_EX\NEW_BIRDMAN_EX\Debug\link.5228-cvtres.read.1.tlog
C:\Users\kbc11606120\Documents\NEW_BIRDMAN_EX\NEW_BIRDMAN_EX\NEW_BIRDMAN_EX\Debug\link.5228-cvtres.write.1.tlog
C:\Users\kbc11606120\Documents\NEW_BIRDMAN_EX\NEW_BIRDMAN_EX\NEW_BIRDMAN_EX\Debug\link.5228-rc.read.1.tlog
C:\Users\kbc11606120\Documents\NEW_BIRDMAN_EX\NEW_BIRDMAN_EX\NEW_BIRDMAN_EX\Debug\link.5228-rc.write.1.tlog
C:\Users\kbc11606120\Documents\NEW_BIRDMAN_EX\NEW_BIRDMAN_EX\NEW_BIRDMAN_EX\Debug\link.5228.read.1.tlog
C:\Users\kbc11606120\Documents\NEW_BIRDMAN_EX\NEW_BIRDMAN_EX\NEW_BIRDMAN_EX\Debug\link.5228.write.1.tlog
C:\Users\kbc11606120\Documents\NEW_BIRDMAN_EX\NEW_BIRDMAN_EX\NEW_BIRDMAN_EX\Debug\link.6208-cvtres.read.1.tlog
C:\Users\kbc11606120\Documents\NEW_BIRDMAN_EX\NEW_BIRDMAN_EX\NEW_BIRDMAN_EX\Debug\link.6208-cvtres.write.1.tlog
C:\Users\kbc11606120\Documents\NEW_BIRDMAN_EX\NEW_BIRDMAN_EX\NEW_BIRDMAN_EX\Debug\link.6208-rc.read.1.tlog
C:\Users\kbc11606120\Documents\NEW_BIRDMAN_EX\NEW_BIRDMAN_EX\NEW_BIRDMAN_EX\Debug\link.6208-rc.write.1.tlog
C:\Users\kbc11606120\Documents\NEW_BIRDMAN_EX\NEW_BIRDMAN_EX\NEW_BIRDMAN_EX\Debug\link.6208.read.1.tlog
C:\Users\kbc11606120\Documents\NEW_BIRDMAN_EX\NEW_BIRDMAN_EX\NEW_BIRDMAN_EX\Debug\link.6208.write.1.tlog
C:\Users\kbc11606120\Documents\NEW_BIRDMAN_EX\NEW_BIRDMAN_EX\NEW_BIRDMAN_EX\Debug\link.7536-cvtres.read.1.tlog
C:\Users\kbc11606120\Documents\NEW_BIRDMAN_EX\NEW_BIRDMAN_EX\NEW_BIRDMAN_EX\Debug\link.7536-cvtres.write.1.tlog
C:\Users\kbc11606120\Documents\NEW_BIRDMAN_EX\NEW_BIRDMAN_EX\NEW_BIRDMAN_EX\Debug\link.7536-rc.read.1.tlog
C:\Users\kbc11606120\Documents\NEW_BIRDMAN_EX\NEW_BIRDMAN_EX\NEW_BIRDMAN_EX\Debug\link.7536-rc.write.1.tlog
C:\Users\kbc11606120\Documents\NEW_BIRDMAN_EX\NEW_BIRDMAN_EX\NEW_BIRDMAN_EX\Debug\link.7536.read.1.tlog
C:\Users\kbc11606120\Documents\NEW_BIRDMAN_EX\NEW_BIRDMAN_EX\NEW_BIRDMAN_EX\Debug\link.7536.write.1.tlog
C:\Users\kbc11606120\Documents\NEW_BIRDMAN_EX\NEW_BIRDMAN_EX\NEW_BIRDMAN_EX\Debug\link.7944-cvtres.read.1.tlog
C:\Users\kbc11606120\Documents\NEW_BIRDMAN_EX\NEW_BIRDMAN_EX\NEW_BIRDMAN_EX\Debug\link.7944-cvtres.write.1.tlog
C:\Users\kbc11606120\Documents\NEW_BIRDMAN_EX\NEW_BIRDMAN_EX\NEW_BIRDMAN_EX\Debug\link.7944-rc.read.1.tlog
C:\Users\kbc11606120\Documents\NEW_BIRDMAN_EX\NEW_BIRDMAN_EX\NEW_BIRDMAN_EX\Debug\link.7944-rc.write.1.tlog
C:\Users\kbc11606120\Documents\NEW_BIRDMAN_EX\NEW_BIRDMAN_EX\NEW_BIRDMAN_EX\Debug\link.7944.read.1.tlog
C:\Users\kbc11606120\Documents\NEW_BIRDMAN_EX\NEW_BIRDMAN_EX\NEW_BIRDMAN_EX\Debug\link.7944.write.1.tlog
C:\Users\kbc11606120\Documents\NEW_BIRDMAN_EX\NEW_BIRDMAN_EX\NEW_BIRDMAN_EX\Debug\link.9876-cvtres.read.1.tlog
C:\Users\kbc11606120\Documents\NEW_BIRDMAN_EX\NEW_BIRDMAN_EX\NEW_BIRDMAN_EX\Debug\link.9876-cvtres.write.1.tlog
C:\Users\kbc11606120\Documents\NEW_BIRDMAN_EX\NEW_BIRDMAN_EX\NEW_BIRDMAN_EX\Debug\link.9876-rc.read.1.tlog
C:\Users\kbc11606120\Documents\NEW_BIRDMAN_EX\NEW_BIRDMAN_EX\NEW_BIRDMAN_EX\Debug\link.9876-rc.write.1.tlog
C:\Users\kbc11606120\Documents\NEW_BIRDMAN_EX\NEW_BIRDMAN_EX\NEW_BIRDMAN_EX\Debug\link.9876.read.1.tlog
C:\Users\kbc11606120\Documents\NEW_BIRDMAN_EX\NEW_BIRDMAN_EX\NEW_BIRDMAN_EX\Debug\link.9876.write.1.tlog
C:\Users\kbc11606120\Documents\NEW_BIRDMAN_EX\NEW_BIRDMAN_EX\NEW_BIRDMAN_EX\Debug\link.command.1.tlog
C:\Users\kbc11606120\Documents\NEW_BIRDMAN_EX\NEW_BIRDMAN_EX\NEW_BIRDMAN_EX\Debug\link.read.1.tlog
C:\Users\kbc11606120\Documents\NEW_BIRDMAN_EX\NEW_BIRDMAN_EX\NEW_BIRDMAN_EX\Debug\link.write.1.tlog
C:\Users\kbc11606120\Documents\NEW_BIRDMAN_EX\NEW_BIRDMAN_EX\NEW_BIRDMAN_EX\Debug\NEW_BIRDMAN_EX.write.1.tlog
C:\Users\kbc11606120\Documents\NEW_BIRDMAN_EX\NEW_BIRDMAN_EX\NEW_BIRDMAN_EX\Debug\vc110.idb
C:\Users\kbc11606120\Documents\NEW_BIRDMAN_EX\NEW_BIRDMAN_EX\NEW_BIRDMAN_EX\Debug\vc110.pdb
C:\Users\kbc11606120\Documents\NEW_BIRDMAN_EX\NEW_BIRDMAN_EX\Debug\NEW_BIRDMAN_EX.pdb
C:\Users\kbc11606120\Documents\NEW_BIRDMAN_EX\NEW_BIRDMAN_EX\Debug\NEW_BIRDMAN_EX.exe
C:\Users\kbc11606120\Documents\NEW_BIRDMAN_EX\NEW_BIRDMAN_EX\Debug\NEW_BIRDMAN_EX.ilk
