2017/11/08 0:21:01 にビルドを開始しました。
     1>ノード 2 上のプロジェクト "E:\Programs\BIRDMANEX\NEW_BIRDMAN_EX\NEW_BIRDMAN_EX\NEW_BIRDMAN_EX.vcxproj" (Build ターゲット)。
     1>ClCompile:
         E:\Program Files (x86)\VC\bin\CL.exe /c /I"C:\DxLib_VC\プロジェクトに追加すべきファイル_VC用" /ZI /nologo /W3 /WX- /sdl /Od /Oy- /D WIN32 /D _DEBUG /D _WINDOWS /D _MBCS /Gm /EHsc /RTC1 /MTd /GS /fp:precise /Zc:wchar_t /Zc:forScope /Fo"Debug\\" /Fd"Debug\vc110.pdb" /Gd /TP /analyze- /errorReport:prompt DebugMode.cpp Main.cpp sceneMain.cpp sceneTitle.cpp titleDescribe.cpp titleLogo.cpp titleSelect.cpp
         DebugMode.cpp
         コードを生成中...
         コンパイル中...
         titleSelect.cpp
         titleLogo.cpp
         titleDescribe.cpp
         sceneTitle.cpp
         sceneMain.cpp
         Main.cpp
     1>e:\programs\birdmanex\new_birdman_ex\new_birdman_ex\main.cpp(120): warning C4244: '*=' : 'double' から 'int' への変換です。データが失われる可能性があります。
     1>e:\programs\birdmanex\new_birdman_ex\new_birdman_ex\main.cpp(121): warning C4244: '*=' : 'double' から 'int' への変換です。データが失われる可能性があります。
         コードを生成中...
       Link:
         E:\Program Files (x86)\VC\bin\link.exe /ERRORREPORT:PROMPT /OUT:"E:\Programs\BIRDMANEX\NEW_BIRDMAN_EX\Debug\NEW_BIRDMAN_EX.exe" /INCREMENTAL /NOLOGO /LIBPATH:"C:\DxLib_VC\プロジェクトに追加すべきファイル_VC用" kernel32.lib user32.lib gdi32.lib winspool.lib comdlg32.lib advapi32.lib shell32.lib ole32.lib oleaut32.lib uuid.lib odbc32.lib odbccp32.lib /MANIFEST /MANIFESTUAC:"level='asInvoker' uiAccess='false'" /manifest:embed /DEBUG /PDB:"E:\Programs\BIRDMANEX\NEW_BIRDMAN_EX\Debug\NEW_BIRDMAN_EX.pdb" /SUBSYSTEM:WINDOWS /TLBID:1 /DYNAMICBASE /NXCOMPAT /IMPLIB:"E:\Programs\BIRDMANEX\NEW_BIRDMAN_EX\Debug\NEW_BIRDMAN_EX.lib" /MACHINE:X86 Debug\DebugMode.obj
         Debug\Main.obj
         Debug\sceneMain.obj
         Debug\sceneTitle.obj
         Debug\titleDescribe.obj
         Debug\titleSelect.obj
         Debug\titleLogo.obj
         NEW_BIRDMAN_EX.vcxproj -> E:\Programs\BIRDMANEX\NEW_BIRDMAN_EX\Debug\NEW_BIRDMAN_EX.exe
     1>プロジェクト "E:\Programs\BIRDMANEX\NEW_BIRDMAN_EX\NEW_BIRDMAN_EX\NEW_BIRDMAN_EX.vcxproj" (Build ターゲット) のビルドが完了しました。

ビルドに成功しました。

経過時間 00:00:05.45
